<?xml version="1.0" encoding="UTF-8"?>
<testsuite xmlns:xsi="http://www.w3.org/2001/XMLSchema-instance" xsi:noNamespaceSchemaLocation="https://maven.apache.org/surefire/maven-surefire-plugin/xsd/surefire-test-report-3.0.xsd" version="3.0" name="com.minsait.controller.EspecialidadesControllerTest" time="2.406" tests="10" errors="0" skipped="0" failures="0">
  <properties>
[...]
</properties>
  <testcase name="testNotFound" classname="com.minsait.controller.EspecialidadesControllerTest" time="0.337">
    <system-out><![CDATA[
  .   ____          _            __ _ _
 /\\ / ___'_ __ _ _(_)_ __  __ _ \ \ \ \
( ( )\___ | '_ | '_| | '_ \/ _` | \ \ \ \
 \\/  ___)| |_)| | | | | || (_| |  ) ) ) )
  '  |____| .__|_| |_|_| |_\__, | / / / /
 =========|_|==============|___/=/_/_/_/
 :: Spring Boot ::                (v3.2.3)

2024-03-19T19:09:06.966-06:00  INFO 15956 --- [msvc-especialidades] [           main] c.m.c.EspecialidadesControllerTest       : Starting EspecialidadesControllerTest using Java 20.0.2.1 with PID 15956 (started by SoporteTI in C:\Users\SoporteTI\IdeaProjects\CitasMedicas-features-seguridad\CitasMedicas-Especialidades)
2024-03-19T19:09:06.967-06:00  INFO 15956 --- [msvc-especialidades] [           main] c.m.c.EspecialidadesControllerTest       : No active profile set, falling back to 1 default profile: "default"
2024-03-19T19:09:06.973-06:00  INFO 15956 --- [msvc-especialidades] [           main] o.s.c.c.c.ConfigServerConfigDataLoader   : Fetching config from server at : http://localhost:8888
2024-03-19T19:09:06.974-06:00  INFO 15956 --- [msvc-especialidades] [           main] o.s.c.c.c.ConfigServerConfigDataLoader   : Exception on Url - http://localhost:8888:org.springframework.web.client.ResourceAccessException: I/O error on GET request for "http://localhost:8888/msvc-especialidades/default": Connection refused: no further information. Will be trying the next url if available
2024-03-19T19:09:06.974-06:00  WARN 15956 --- [msvc-especialidades] [           main] o.s.c.c.c.ConfigServerConfigDataLoader   : Could not locate PropertySource ([ConfigServerConfigDataResource@5ca32d1a uris = array<String>['http://localhost:8888'], optional = true, profiles = 'default']): I/O error on GET request for "http://localhost:8888/msvc-especialidades/default": Connection refused: no further information
2024-03-19T19:09:06.974-06:00  INFO 15956 --- [msvc-especialidades] [           main] o.s.c.c.c.ConfigServerConfigDataLoader   : Fetching config from server at : http://localhost:8888
2024-03-19T19:09:06.975-06:00  INFO 15956 --- [msvc-especialidades] [           main] o.s.c.c.c.ConfigServerConfigDataLoader   : Exception on Url - http://localhost:8888:org.springframework.web.client.ResourceAccessException: I/O error on GET request for "http://localhost:8888/msvc-especialidades/default": Connection refused: no further information. Will be trying the next url if available
2024-03-19T19:09:06.975-06:00  WARN 15956 --- [msvc-especialidades] [           main] o.s.c.c.c.ConfigServerConfigDataLoader   : Could not locate PropertySource ([ConfigServerConfigDataResource@31489acc uris = array<String>['http://localhost:8888'], optional = true, profiles = 'default']): I/O error on GET request for "http://localhost:8888/msvc-especialidades/default": Connection refused: no further information
2024-03-19T19:09:06.975-06:00  INFO 15956 --- [msvc-especialidades] [           main] o.s.c.c.c.ConfigServerConfigDataLoader   : Fetching config from server at : http://localhost:8888
2024-03-19T19:09:06.975-06:00  INFO 15956 --- [msvc-especialidades] [           main] o.s.c.c.c.ConfigServerConfigDataLoader   : Exception on Url - http://localhost:8888:org.springframework.web.client.ResourceAccessException: I/O error on GET request for "http://localhost:8888/msvc-especialidades/default": Connection refused: no further information. Will be trying the next url if available
2024-03-19T19:09:06.975-06:00  WARN 15956 --- [msvc-especialidades] [           main] o.s.c.c.c.ConfigServerConfigDataLoader   : Could not locate PropertySource ([ConfigServerConfigDataResource@153d5d5b uris = array<String>['http://localhost:8888'], optional = true, profiles = 'default']): I/O error on GET request for "http://localhost:8888/msvc-especialidades/default": Connection refused: no further information
2024-03-19T19:09:07.936-06:00  INFO 15956 --- [msvc-especialidades] [           main] o.s.b.t.m.w.SpringBootMockServletContext : Initializing Spring TestDispatcherServlet ''
2024-03-19T19:09:07.937-06:00  INFO 15956 --- [msvc-especialidades] [           main] o.s.t.web.servlet.TestDispatcherServlet  : Initializing Servlet ''
2024-03-19T19:09:07.940-06:00  INFO 15956 --- [msvc-especialidades] [           main] o.s.t.web.servlet.TestDispatcherServlet  : Completed initialization in 1 ms
2024-03-19T19:09:07.963-06:00  INFO 15956 --- [msvc-especialidades] [           main] c.m.c.EspecialidadesControllerTest       : Started EspecialidadesControllerTest in 1.517 seconds (process running for 41.832)
]]></system-out>
  </testcase>
  <testcase name="findAllEspecialidades" classname="com.minsait.controller.EspecialidadesControllerTest" time="0.166"/>
  <testcase name="update" classname="com.minsait.controller.EspecialidadesControllerTest" time="0.081"/>
  <testcase name="findById" classname="com.minsait.controller.EspecialidadesControllerTest" time="0.015"/>
  <testcase name="save" classname="com.minsait.controller.EspecialidadesControllerTest" time="0.034"/>
  <testcase name="testUpdateNotFoundException" classname="com.minsait.controller.EspecialidadesControllerTest" time="0.031"/>
  <testcase name="testDelete" classname="com.minsait.controller.EspecialidadesControllerTest" time="0.016"/>
  <testcase name="testNotall" classname="com.minsait.controller.EspecialidadesControllerTest" time="0.016"/>
  <testcase name="testNotSave" classname="com.minsait.controller.EspecialidadesControllerTest" time="0.02"/>
  <testcase name="testDeleteException" classname="com.minsait.controller.EspecialidadesControllerTest" time="0.019"/>
</testsuite>